[2022-12-14T18:39:37.851227+00:00] emensalogger.INFO: Hauptseite wurde besucht! [] []
[2022-12-14T19:39:57.817742+01:00] emensalogger.WARNING: Anmeldung von lksdsfjlk@gmail.com fehlgeschlagen! [] []
[2022-12-14T19:40:15.899681+01:00] emensalogger.INFO: peter@gmail.com hat sich registriert und angemeldet! [] []
[2022-12-14T18:40:23.164825+00:00] emensalogger.INFO: User hat sich abgemeldet! [] []
[2022-12-14T18:40:26.277405+00:00] emensalogger.INFO: User hat sich abgemeldet! [] []
[2022-12-14T19:40:43.810494+01:00] emensalogger.INFO: peter@gmail.com hat sich angemeldet! [] []
[2022-12-14T18:42:13.228311+00:00] emensalogger.INFO: User hat sich abgemeldet! [] []
[2022-12-14T19:42:24.910528+01:00] emensalogger.INFO: peter@gmail.com hat sich angemeldet! [] []
[2022-12-14T18:45:12.577076+00:00] emensalogger.INFO: Hauptseite wurde besucht! [] []
[2022-12-14T18:45:20.570126+00:00] emensalogger.INFO: User hat sich abgemeldet! [] []
[2023-01-04T08:21:32.175766+00:00] emensalogger.INFO: Hauptseite wurde besucht! [] []
[2023-01-04T09:28:55.623344+01:00] emensalogger.WARNING: Anmeldung von test@mail.com fehlgeschlagen! [] []
[2023-01-04T09:29:06.342570+01:00] emensalogger.INFO: test@mail.com hat sich angemeldet! [] []
[2023-01-04T08:37:59.287378+00:00] emensalogger.INFO: User hat sich abgemeldet! [] []
[2023-01-04T08:38:02.592708+00:00] emensalogger.INFO: User hat sich abgemeldet! [] []
[2023-01-04T11:03:02.245503+01:00] emensalogger.INFO: test@mail.com hat sich angemeldet! [] []
[2023-01-04T15:31:03.933013+00:00] emensalogger.INFO: User hat sich abgemeldet! [] []
[2023-01-04T16:32:06.173180+01:00] emensalogger.INFO: test@mail.com hat sich angemeldet! [] []
[2023-01-04T16:34:25.055249+01:00] emensalogger.INFO: test@mail.com hat sich angemeldet! [] []
[2023-01-04T15:34:26.764835+00:00] emensalogger.INFO: User hat sich abgemeldet! [] []
[2023-01-04T16:34:43.707483+01:00] emensalogger.WARNING: Anmeldung von mail@test.com fehlgeschlagen! [] []
[2023-01-04T16:34:56.809409+01:00] emensalogger.INFO: test@mail.com hat sich angemeldet! [] []
[2023-01-04T16:35:48.975011+01:00] emensalogger.INFO: test@mail.com hat sich angemeldet! [] []
[2023-01-04T15:35:51.446733+00:00] emensalogger.INFO: User hat sich abgemeldet! [] []
[2023-01-04T16:36:10.343446+01:00] emensalogger.INFO: test@mail.com hat sich angemeldet! [] []
[2023-01-04T15:36:37.914083+00:00] emensalogger.INFO: User hat sich abgemeldet! [] []
[2023-01-04T16:36:55.884346+01:00] emensalogger.INFO: test@mail.com hat sich angemeldet! [] []
[2023-01-04T16:32:26.945431+00:00] emensalogger.INFO: User hat sich abgemeldet! [] []
[2023-01-04T17:39:15.819485+01:00] emensalogger.INFO: test@mail.com hat sich angemeldet! [] []
[2023-01-04T16:40:29.732311+00:00] emensalogger.INFO: User hat sich abgemeldet! [] []
[2023-01-04T17:41:07.607361+01:00] emensalogger.INFO: noadmin@mail.com hat sich registriert und angemeldet! [] []
[2023-01-04T16:50:30.266849+00:00] emensalogger.INFO: User hat sich abgemeldet! [] []
[2023-01-04T17:50:41.165336+01:00] emensalogger.INFO: test@mail.com hat sich angemeldet! [] []
[2023-01-11T11:46:49.199707+00:00] emensalogger.INFO: Hauptseite wurde besucht! [] []
[2023-01-11T13:54:56.525733+01:00] emensalogger.WARNING: Anmeldung von tarek_vs@hotmail.com fehlgeschlagen! [] []
[2023-01-11T13:55:08.934238+01:00] emensalogger.INFO: tarek_vs2@hotmail.com hat sich registriert und angemeldet! [] []
[2023-01-11T12:59:03.657611+00:00] emensalogger.INFO: Hauptseite wurde besucht! [] []
[2023-01-12T15:45:07.280665+00:00] emensalogger.INFO: Hauptseite wurde besucht! [] []
[2023-01-12T15:45:46.225863+00:00] emensalogger.INFO: User hat sich abgemeldet! [] []
[2023-01-12T15:45:47.646987+00:00] emensalogger.INFO: User hat sich abgemeldet! [] []
[2023-01-12T15:45:58.056350+00:00] emensalogger.INFO: Hauptseite wurde besucht! [] []
[2023-01-12T15:46:01.614781+00:00] emensalogger.INFO: Hauptseite wurde besucht! [] []
[2023-01-12T15:46:18.040351+00:00] emensalogger.INFO: Hauptseite wurde besucht! [] []
[2023-01-12T15:50:46.128525+00:00] emensalogger.INFO: Hauptseite wurde besucht! [] []
[2023-01-12T15:50:49.676616+00:00] emensalogger.INFO: Hauptseite wurde besucht! [] []
[2023-01-12T15:51:09.771756+00:00] emensalogger.INFO: Hauptseite wurde besucht! [] []
[2023-01-12T15:51:28.933372+00:00] emensalogger.INFO: Hauptseite wurde besucht! [] []
[2023-01-12T15:51:58.089475+00:00] emensalogger.INFO: Hauptseite wurde besucht! [] []
[2023-01-12T15:53:22.069323+00:00] emensalogger.INFO: Hauptseite wurde besucht! [] []
[2023-01-12T15:53:26.028567+00:00] emensalogger.INFO: Hauptseite wurde besucht! [] []
[2023-01-12T16:53:48.876376+01:00] emensalogger.INFO: tarek_vs3@hotmail.com hat sich registriert und angemeldet! [] []
[2023-01-12T15:55:03.769702+00:00] emensalogger.INFO: Hauptseite wurde besucht! [] []
[2023-01-18T12:42:03.760914+00:00] emensalogger.INFO: Hauptseite wurde besucht! [] []
[2023-01-18T13:11:46.260310+00:00] emensalogger.INFO: Hauptseite wurde besucht! [] []
[2023-01-18T13:24:22.383837+00:00] emensalogger.INFO: Hauptseite wurde besucht! [] []
[2023-01-18T14:24:42.314893+01:00] emensalogger.WARNING: Anmeldung von tarek_vs@hotmail.com fehlgeschlagen! [] []
[2023-01-18T14:24:55.876066+01:00] emensalogger.INFO: test2@hotmail.com hat sich registriert und angemeldet! [] []
[2023-01-18T13:26:46.017174+00:00] emensalogger.INFO: Hauptseite wurde besucht! [] []
[2023-01-19T16:16:11.876019+00:00] emensalogger.INFO: Hauptseite wurde besucht! [] []
[2023-01-19T16:16:12.251980+00:00] emensalogger.INFO: Hauptseite wurde besucht! [] []
[2023-01-19T16:16:26.859256+00:00] emensalogger.INFO: Hauptseite wurde besucht! [] []
[2023-02-10T18:38:15.223209+00:00] emensalogger.INFO: Hauptseite wurde besucht! [] []
[2023-10-03T11:21:59.462236+00:00] emensalogger.INFO: Hauptseite wurde besucht! [] []
[2023-10-03T11:22:31.741811+00:00] emensalogger.INFO: Hauptseite wurde besucht! [] []
[2023-10-03T11:23:02.689498+00:00] emensalogger.INFO: Hauptseite wurde besucht! [] []
[2023-10-03T11:30:21.366842+00:00] emensalogger.INFO: Hauptseite wurde besucht! [] []
[2023-10-03T11:37:37.408741+00:00] emensalogger.INFO: Hauptseite wurde besucht! [] []
[2023-10-03T11:37:50.709985+00:00] emensalogger.INFO: Hauptseite wurde besucht! [] []
[2023-10-03T11:40:29.251932+00:00] emensalogger.INFO: Hauptseite wurde besucht! [] []
[2023-10-03T12:29:40.881500+00:00] emensalogger.INFO: Hauptseite wurde besucht! [] []
[2023-10-03T12:45:00.913381+00:00] emensalogger.INFO: Hauptseite wurde besucht! [] []
[2023-10-03T12:45:03.102643+00:00] emensalogger.INFO: Hauptseite wurde besucht! [] []
[2023-10-03T12:45:03.614770+00:00] emensalogger.INFO: Hauptseite wurde besucht! [] []
[2023-10-03T12:45:04.124882+00:00] emensalogger.INFO: Hauptseite wurde besucht! [] []
[2023-10-04T16:02:15.946658+00:00] emensalogger.INFO: Hauptseite wurde besucht! [] []
[2023-10-04T16:02:23.879825+00:00] emensalogger.INFO: Hauptseite wurde besucht! [] []
[2023-10-04T16:04:33.821000+00:00] emensalogger.INFO: Hauptseite wurde besucht! [] []
[2023-10-04T16:04:41.234280+00:00] emensalogger.INFO: Hauptseite wurde besucht! [] []
[2023-10-04T16:07:20.513950+00:00] emensalogger.INFO: Hauptseite wurde besucht! [] []
[2023-10-05T12:11:30.143099+00:00] emensalogger.INFO: Hauptseite wurde besucht! [] []
[2023-10-05T12:11:59.377183+00:00] emensalogger.INFO: Hauptseite wurde besucht! [] []
[2023-10-05T12:14:51.001966+00:00] emensalogger.INFO: Hauptseite wurde besucht! [] []
[2023-10-05T12:16:28.983835+00:00] emensalogger.INFO: Hauptseite wurde besucht! [] []
[2023-10-05T12:16:30.100276+00:00] emensalogger.INFO: Hauptseite wurde besucht! [] []
[2023-10-05T12:16:30.674355+00:00] emensalogger.INFO: Hauptseite wurde besucht! [] []
[2023-10-05T12:16:31.424901+00:00] emensalogger.INFO: Hauptseite wurde besucht! [] []
[2023-10-05T12:22:29.135998+00:00] emensalogger.INFO: Hauptseite wurde besucht! [] []
